e:\pfxui\pfxuisrc\release\pfxui.pch
e:\pfxui\pfxuisrc\release\vc120.pdb
e:\pfxui\pfxuisrc\release\stdafx.obj
e:\pfxui\pfxuisrc\release\pbobject.obj
e:\pfxui\pfxuisrc\release\pbfuninv.obj
e:\pfxui\pfxuisrc\release\pbarray.obj
e:\pfxui\pfxuisrc\release\wndshadow.obj
e:\pfxui\pfxuisrc\release\utils.obj
e:\pfxui\pfxuisrc\release\trayicon.obj
e:\pfxui\pfxuisrc\release\imageex.obj
e:\pfxui\pfxuisrc\release\gifimage.obj
e:\pfxui\pfxuisrc\release\pfxlib.obj
e:\pfxui\pfxuisrc\release\pbnitrayicon.obj
e:\pfxui\pfxuisrc\release\pbnitooltip.obj
e:\pfxui\pfxuisrc\release\pbnitimer.obj
e:\pfxui\pfxuisrc\release\pbnisubclass.obj
e:\pfxui\pfxuisrc\release\pbnimenu.obj
e:\pfxui\pfxuisrc\release\pbniimagelist.obj
e:\pfxui\pfxuisrc\release\pbniimage.obj
e:\pfxui\pfxuisrc\release\pbnihash.obj
e:\pfxui\pfxuisrc\release\pbnidragicon.obj
e:\pfxui\pfxuisrc\release\pbnicanvas.obj
e:\pfxui\pfxuisrc\release\uimanager.obj
e:\pfxui\pfxuisrc\release\uiapi.obj
e:\pfxui\release\pfxui.dll
e:\pfxui\release\pfxui.pdb
e:\pfxui\release\pfxui.lib
e:\pfxui\release\pfxui.exp
e:\pfxui\pfxuisrc\release\pfxlib.res
e:\pfxui\pfxuisrc\release\pfxlib.tlog\cl.command.1.tlog
e:\pfxui\pfxuisrc\release\pfxlib.tlog\cl.read.1.tlog
e:\pfxui\pfxuisrc\release\pfxlib.tlog\cl.write.1.tlog
e:\pfxui\pfxuisrc\release\pfxlib.tlog\link.command.1.tlog
e:\pfxui\pfxuisrc\release\pfxlib.tlog\link.read.1.tlog
e:\pfxui\pfxuisrc\release\pfxlib.tlog\link.write.1.tlog
e:\pfxui\pfxuisrc\release\pfxlib.tlog\pfxlib.write.1u.tlog
e:\pfxui\pfxuisrc\release\pfxlib.tlog\rc.command.1.tlog
e:\pfxui\pfxuisrc\release\pfxlib.tlog\rc.read.1.tlog
e:\pfxui\pfxuisrc\release\pfxlib.tlog\rc.write.1.tlog
